#
# There is insufficient memory for the Java Runtime Environment to continue.
# Native memory allocation (mmap) failed to map 264241152 bytes for G1 virtual space
# Possible reasons:
#   The system is out of physical RAM or swap space
#   The process is running with CompressedOops enabled, and the Java Heap may be blocking the growth of the native heap
# Possible solutions:
#   Reduce memory load on the system
#   Increase physical memory or swap space
#   Check if swap backing store is full
#   Decrease Java heap size (-Xmx/-Xms)
#   Decrease number of Java threads
#   Decrease Java thread stack sizes (-Xss)
#   Set larger code cache with -XX:ReservedCodeCacheSize=
#   JVM is running with Zero Based Compressed Oops mode in which the Java heap is
#     placed in the first 32GB address space. The Java Heap base address is the
#     maximum limit for the native heap growth. Please use -XX:HeapBaseMinAddress
#     to set the Java Heap base and to place the Java Heap above 32GB virtual address.
# This output file may be truncated or incomplete.
#
#  Out of Memory Error (os_windows.cpp:3469), pid=1324, tid=11776
#
# JRE version:  (17.0.1+12) (build )
# Java VM: Java HotSpot(TM) 64-Bit Server VM (17.0.1+12-LTS-39, mixed mode, sharing, tiered, compressed oops, compressed class ptrs, g1 gc, windows-amd64)
# No core dump will be written. Minidumps are not enabled by default on client versions of Windows
#

---------------  S U M M A R Y ------------

Command Line: -javaagent:C:\Program Files\JetBrains\IntelliJ IDEA Educational Edition 2022.2.2\lib\idea_rt.jar=51897:C:\Program Files\JetBrains\IntelliJ IDEA Educational Edition 2022.2.2\bin -Dfile.encoding=UTF-8 com.sunsoor.TeacherApplication

Host: 12th Gen Intel(R) Core(TM) i5-12450H, 12 cores, 15G,  Windows 10 , 64 bit Build 22621 (10.0.22621.3527)
Time: Tue Jun 11 11:39:41 2024 India Standard Time elapsed time: 0.017064 seconds (0d 0h 0m 0s)

---------------  T H R E A D  ---------------

Current thread (0x000001a86f30a120):  JavaThread "Unknown thread" [_thread_in_vm, id=11776, stack(0x00000020c6600000,0x00000020c6700000)]

Stack: [0x00000020c6600000,0x00000020c6700000]
Native frames: (J=compiled Java code, j=interpreted, Vv=VM code, C=native code)
V  [jvm.dll+0x66fa1a]
V  [jvm.dll+0x7ce5a4]
V  [jvm.dll+0x7cfd4e]
V  [jvm.dll+0x7d03b3]
V  [jvm.dll+0x242b05]
V  [jvm.dll+0x66ca39]
V  [jvm.dll+0x661502]
V  [jvm.dll+0x30081b]
V  [jvm.dll+0x307da6]
V  [jvm.dll+0x357a1e]
V  [jvm.dll+0x357c4f]
V  [jvm.dll+0x2d7ad8]
V  [jvm.dll+0x2d8a44]
V  [jvm.dll+0x7a01e1]
V  [jvm.dll+0x365791]
V  [jvm.dll+0x77f6cc]
V  [jvm.dll+0x3e812f]
V  [jvm.dll+0x3e9bd1]
C  [jli.dll+0x527b]
C  [ucrtbase.dll+0x29333]
C  [KERNEL32.DLL+0x1257d]
C  [ntdll.dll+0x5aa48]


---------------  P R O C E S S  ---------------

Threads class SMR info:
_java_thread_list=0x00007ffed6c87818, length=0, elements={
}

Java Threads: ( => current thread )

Other Threads:
  0x000001a86f35a640 GCTaskThread "GC Thread#0" [stack: 0x00000020c6700000,0x00000020c6800000] [id=20736]
  0x000001a86f36b140 ConcurrentGCThread "G1 Main Marker" [stack: 0x00000020c6800000,0x00000020c6900000] [id=34328]
  0x000001a86f36d300 ConcurrentGCThread "G1 Conc#0" [stack: 0x00000020c6900000,0x00000020c6a00000] [id=4280]

[error occurred during error reporting (printing all threads), id 0xc0000005, EXCEPTION_ACCESS_VIOLATION (0xc0000005) at pc=0x00007ffed64d84b7]

VM state: not at safepoint (not fully initialized)

VM Mutex/Monitor currently owned by a thread:  ([mutex/lock_event])
[0x000001a86f305650] Heap_lock - owner thread: 0x000001a86f30a120

Heap address: 0x0000000704400000, size: 4028 MB, Compressed Oops mode: Zero based, Oop shift amount: 3

CDS archive(s) mapped at: [0x0000000000000000-0x0000000000000000-0x0000000000000000), size 0, SharedBaseAddress: 0x0000000800000000, ArchiveRelocationMode: 0.
Narrow klass base: 0x0000000000000000, Narrow klass shift: 0, Narrow klass range: 0x0

GC Precious Log:
<Empty>

Heap:
 garbage-first heap   total 0K, used 0K [0x0000000704400000, 0x0000000800000000)
  region size 2048K, 0 young (0K), 0 survivors (0K)

[error occurred during error reporting (printing heap information), id 0xc0000005, EXCEPTION_ACCESS_VIOLATION (0xc0000005) at pc=0x00007ffed68b8d89]

GC Heap History (0 events):
No events

Deoptimization events (0 events):
No events

Classes unloaded (0 events):
No events

Classes redefined (0 events):
No events

Internal exceptions (0 events):
No events

VM Operations (0 events):
No events

Events (1 events):
Event: 0.013 Loaded shared library C:\Program Files\Java\jdk-17.0.1\bin\java.dll


Dynamic libraries:
0x00007ff65ecb0000 - 0x00007ff65ecc0000 	C:\Program Files\Java\jdk-17.0.1\bin\java.exe
0x00007fff85610000 - 0x00007fff85827000 	C:\WINDOWS\SYSTEM32\ntdll.dll
0x00007fff845a0000 - 0x00007fff84664000 	C:\WINDOWS\System32\KERNEL32.DLL
0x00007fff82f90000 - 0x00007fff83337000 	C:\WINDOWS\System32\KERNELBASE.dll
0x00007fff829a0000 - 0x00007fff82ab1000 	C:\WINDOWS\System32\ucrtbase.dll
0x00007fff2baf0000 - 0x00007fff2bb0a000 	C:\Program Files\Java\jdk-17.0.1\bin\VCRUNTIME140.dll
0x00007fff2bf50000 - 0x00007fff2bf68000 	C:\Program Files\Java\jdk-17.0.1\bin\jli.dll
0x00007fff83e50000 - 0x00007fff83f02000 	C:\WINDOWS\System32\ADVAPI32.dll
0x00007fff83d50000 - 0x00007fff83df7000 	C:\WINDOWS\System32\msvcrt.dll
0x00007fff85410000 - 0x00007fff854b8000 	C:\WINDOWS\System32\sechost.dll
0x00007fff82f60000 - 0x00007fff82f88000 	C:\WINDOWS\System32\bcrypt.dll
0x00007fff83fc0000 - 0x00007fff840d5000 	C:\WINDOWS\System32\RPCRT4.dll
0x00007fff840e0000 - 0x00007fff8428e000 	C:\WINDOWS\System32\USER32.dll
0x00007fff82b40000 - 0x00007fff82b66000 	C:\WINDOWS\System32\win32u.dll
0x00007fff833b0000 - 0x00007fff833d9000 	C:\WINDOWS\System32\GDI32.dll
0x00007fff6e750000 - 0x00007fff6e9e3000 	C:\WINDOWS\WinSxS\amd64_microsoft.windows.common-controls_6595b64144ccf1df_6.0.22621.3527_none_270e469b73872a76\COMCTL32.dll
0x00007fff82e40000 - 0x00007fff82f59000 	C:\WINDOWS\System32\gdi32full.dll
0x00007fff82ce0000 - 0x00007fff82d7a000 	C:\WINDOWS\System32\msvcp_win.dll
0x00007fff78570000 - 0x00007fff7857a000 	C:\WINDOWS\SYSTEM32\VERSION.dll
0x00007fff83e10000 - 0x00007fff83e41000 	C:\WINDOWS\System32\IMM32.DLL
0x00007fff46f10000 - 0x00007fff46f1c000 	C:\Program Files\Java\jdk-17.0.1\bin\vcruntime140_1.dll
0x00007ffef2410000 - 0x00007ffef249d000 	C:\Program Files\Java\jdk-17.0.1\bin\msvcp140.dll
0x00007ffed61f0000 - 0x00007ffed6dae000 	C:\Program Files\Java\jdk-17.0.1\bin\server\jvm.dll
0x00007fff83e00000 - 0x00007fff83e08000 	C:\WINDOWS\System32\PSAPI.DLL
0x00007fff644d0000 - 0x00007fff644d9000 	C:\WINDOWS\SYSTEM32\WSOCK32.dll
0x00007fff7b9d0000 - 0x00007fff7ba04000 	C:\WINDOWS\SYSTEM32\WINMM.dll
0x00007fff84b40000 - 0x00007fff84bb1000 	C:\WINDOWS\System32\WS2_32.dll
0x00007fff81a00000 - 0x00007fff81a18000 	C:\WINDOWS\SYSTEM32\kernel.appcore.dll
0x00007fff46240000 - 0x00007fff4624a000 	C:\Program Files\Java\jdk-17.0.1\bin\jimage.dll
0x00007fff7f9f0000 - 0x00007fff7fc22000 	C:\WINDOWS\SYSTEM32\DBGHELP.DLL
0x00007fff846c0000 - 0x00007fff84a48000 	C:\WINDOWS\System32\combase.dll
0x00007fff85330000 - 0x00007fff85407000 	C:\WINDOWS\System32\OLEAUT32.dll
0x00007fff71370000 - 0x00007fff713a2000 	C:\WINDOWS\SYSTEM32\dbgcore.DLL
0x00007fff82ac0000 - 0x00007fff82b39000 	C:\WINDOWS\System32\bcryptPrimitives.dll
0x00007fff66400000 - 0x00007fff6640e000 	C:\Program Files\Java\jdk-17.0.1\bin\instrument.dll
0x00007ffef2a40000 - 0x00007ffef2a65000 	C:\Program Files\Java\jdk-17.0.1\bin\java.dll

dbghelp: loaded successfully - version: 4.0.5 - missing functions: none
symbol engine: initialized successfully - sym options: 0x614 - pdb path: .;C:\Program Files\Java\jdk-17.0.1\bin;C:\WINDOWS\SYSTEM32;C:\WINDOWS\WinSxS\amd64_microsoft.windows.common-controls_6595b64144ccf1df_6.0.22621.3527_none_270e469b73872a76;C:\Program Files\Java\jdk-17.0.1\bin\server

VM Arguments:
jvm_args: -javaagent:C:\Program Files\JetBrains\IntelliJ IDEA Educational Edition 2022.2.2\lib\idea_rt.jar=51897:C:\Program Files\JetBrains\IntelliJ IDEA Educational Edition 2022.2.2\bin -Dfile.encoding=UTF-8 
java_command: com.sunsoor.TeacherApplication
java_class_path (initial): C:\Users\91826\OneDrive\Desktop\SunSoor Project\GIT\module 3\teacher\target\classes;C:\Users\91826\.m2\repository\org\springframework\boot\spring-boot-starter-data-jpa\3.2.1\spring-boot-starter-data-jpa-3.2.1.jar;C:\Users\91826\.m2\repository\org\springframework\boot\spring-boot-starter-aop\3.2.1\spring-boot-starter-aop-3.2.1.jar;C:\Users\91826\.m2\repository\org\springframework\spring-aop\6.1.2\spring-aop-6.1.2.jar;C:\Users\91826\.m2\repository\org\aspectj\aspectjweaver\1.9.21\aspectjweaver-1.9.21.jar;C:\Users\91826\.m2\repository\org\springframework\boot\spring-boot-starter-jdbc\3.2.1\spring-boot-starter-jdbc-3.2.1.jar;C:\Users\91826\.m2\repository\com\zaxxer\HikariCP\5.0.1\HikariCP-5.0.1.jar;C:\Users\91826\.m2\repository\org\springframework\spring-jdbc\6.1.2\spring-jdbc-6.1.2.jar;C:\Users\91826\.m2\repository\org\hibernate\orm\hibernate-core\6.4.1.Final\hibernate-core-6.4.1.Final.jar;C:\Users\91826\.m2\repository\jakarta\persistence\jakarta.persistence-api\3.1.0\jakarta.persistence-api-3.1.0.jar;C:\Users\91826\.m2\repository\jakarta\transaction\jakarta.transaction-api\2.0.1\jakarta.transaction-api-2.0.1.jar;C:\Users\91826\.m2\repository\org\jboss\logging\jboss-logging\3.5.3.Final\jboss-logging-3.5.3.Final.jar;C:\Users\91826\.m2\repository\org\hibernate\common\hibernate-commons-annotations\6.0.6.Final\hibernate-commons-annotations-6.0.6.Final.jar;C:\Users\91826\.m2\repository\io\smallrye\jandex\3.1.2\jandex-3.1.2.jar;C:\Users\91826\.m2\repository\com\fasterxml\classmate\1.6.0\classmate-1.6.0.jar;C:\Users\91826\.m2\repository\net\bytebuddy\byte-buddy\1.14.10\byte-buddy-1.14.10.jar;C:\Users\91826\.m2\repository\org\glassfish\jaxb\jaxb-runtime\4.0.4\jaxb-runtime-4.0.4.jar;C:\Users\91826\.m2\repository\org\glassfish\jaxb\jaxb-core\4.0.4\jaxb-core-4.0.4.jar;C:\Users\91826\.m2\repository\org\eclipse\angus\angus-activation\2.0.1\angus-activation-2.0.1.jar;C:\Users\91826\.m2\repository\org\glassfish\jaxb\txw2\4.0.4\txw2-4.0.4.jar;C:\Users\9182
Launcher Type: SUN_STANDARD

[Global flags]
     intx CICompilerCount                          = 4                                         {product} {ergonomic}
     uint ConcGCThreads                            = 3                                         {product} {ergonomic}
     uint G1ConcRefinementThreads                  = 10                                        {product} {ergonomic}
   size_t G1HeapRegionSize                         = 2097152                                   {product} {ergonomic}
    uintx GCDrainStackTargetSize                   = 64                                        {product} {ergonomic}
   size_t InitialHeapSize                          = 264241152                                 {product} {ergonomic}
   size_t MarkStackSize                            = 4194304                                   {product} {ergonomic}
   size_t MaxHeapSize                              = 4223664128                                {product} {ergonomic}
   size_t MinHeapDeltaBytes                        = 2097152                                   {product} {ergonomic}
   size_t MinHeapSize                              = 8388608                                   {product} {ergonomic}
    uintx NonNMethodCodeHeapSize                   = 5839372                                {pd product} {ergonomic}
    uintx NonProfiledCodeHeapSize                  = 122909434                              {pd product} {ergonomic}
    uintx ProfiledCodeHeapSize                     = 122909434                              {pd product} {ergonomic}
    uintx ReservedCodeCacheSize                    = 251658240                              {pd product} {ergonomic}
     bool SegmentedCodeCache                       = true                                      {product} {ergonomic}
   size_t SoftMaxHeapSize                          = 4223664128                             {manageable} {ergonomic}
     bool UseCompressedClassPointers               = true                           {product lp64_product} {ergonomic}
     bool UseCompressedOops                        = true                           {product lp64_product} {ergonomic}
     bool UseG1GC                                  = true                                      {product} {ergonomic}
     bool UseLargePagesIndividualAllocation        = false                                  {pd product} {ergonomic}

Logging:
Log output configuration:
 #0: stdout all=warning uptime,level,tags
 #1: stderr all=off uptime,level,tags

Environment Variables:
PATH=C:\Program Files (x86)\Common Files\Intel\Shared Libraries\redist\intel64\compiler;C:\Python311\Scripts\;C:\Python311\;C:\Program Files\Common Files\Oracle\Java\javapath;C:\Windows\system32;C:\Windows;C:\Windows\System32\Wbem;C:\Windows\System32\WindowsPowerShell\v1.0\;C:\Windows\System32\OpenSSH\;C:\Program Files (x86)\NVIDIA Corporation\PhysX\Common;C:\Program Files\NVIDIA Corporation\NVIDIA NvDLISR;C:\WINDOWS\system32;C:\WINDOWS;C:\WINDOWS\System32\Wbem;C:\WINDOWS\System32\WindowsPowerShell\v1.0\;C:\WINDOWS\System32\OpenSSH\;C:\Program Files\nodejs\;C:\ProgramData\chocolatey\bin;C:\Users\91826\AppData\Local\Android\Sdk\platform-tools;C:\Program Files\Git\cmd;C:\Program Files\Docker\Docker\resources\bin;C:\Program Files\apache-maven-3.9.5\bin;C:\Program Files\PuTTY\;C:\Users\91826\AppData\Local\Android\Sdk\tools;C:\Users\91826\AppData\Local\Android\Sdk\tools;C:\Users\91826\AppData\Local\Microsoft\WindowsApps;C:\Program Files\Java\jdk-17.0.1\bin;C:\Users\91826\AppData\Local\Programs\Microsoft VS Code\bin;C:\Program Files\JetBrains\IntelliJ IDEA Educational Edition 2022.2.2\bin;;C:\Users\91826\AppData\Roaming\npm;C:\Users\91826\AppData\Local\Android\Sdk\platform-tools;
USERNAME=91826
OS=Windows_NT
PROCESSOR_IDENTIFIER=Intel64 Family 6 Model 154 Stepping 3, GenuineIntel



---------------  S Y S T E M  ---------------

OS:
 Windows 10 , 64 bit Build 22621 (10.0.22621.3527)
OS uptime: 8 days 23:22 hours
Hyper-V role detected

CPU: total 12 (initial active 12) (6 cores per cpu, 2 threads per core) family 6 model 154 stepping 3 microcode 0x419, cx8, cmov, fxsr, ht, mmx, 3dnowpref, sse, sse2, sse3, ssse3, sse4.1, sse4.2, popcnt, lzcnt, tsc, tscinvbit, avx, avx2, aes, erms, clmul, bmi1, bmi2, adx, sha, fma, vzeroupper, clflush, clflushopt, clwb, hv

Memory: 4k page, system-wide physical 16109M (429M free)
TotalPageFile size 51272M (AvailPageFile size 228M)
current process WorkingSet (physical memory assigned to process): 11M, peak: 11M
current process commit charge ("private bytes"): 64M, peak: 316M

vm_info: Java HotSpot(TM) 64-Bit Server VM (17.0.1+12-LTS-39) for windows-amd64 JRE (17.0.1+12-LTS-39), built on Sep 27 2021 18:41:35 by "mach5one" with MS VC++ 16.8 (VS2019)

END.
